<!--

    Copyright (c) 2008-2021, Massachusetts Institute of Technology (MIT)
    All rights reserved.

    Redistribution and use in source and binary forms, with or without
    modification, are permitted provided that the following conditions are met:

    1. Redistributions of source code must retain the above copyright notice, this
    list of conditions and the following disclaimer.

    2. Redistributions in binary form must reproduce the above copyright notice,
    this list of conditions and the following disclaimer in the documentation
    and/or other materials provided with the distribution.

    3. Neither the name of the copyright holder nor the names of its contributors
    may be used to endorse or promote products derived from this software without
    specific prior written permission.

    THIS SOFTWARE IS PROVIDED BY THE COPYRIGHT HOLDERS AND CONTRIBUTORS "AS IS"
    AND ANY EXPRESS OR IMPLIED WARRANTIES, INCLUDING, BUT NOT LIMITED TO, THE
    IMPLIED WARRANTIES OF MERCHANTABILITY AND FITNESS FOR A PARTICULAR PURPOSE ARE
    DISCLAIMED. IN NO EVENT SHALL THE COPYRIGHT HOLDER OR CONTRIBUTORS BE LIABLE
    FOR ANY DIRECT, INDIRECT, INCIDENTAL, SPECIAL, EXEMPLARY, OR CONSEQUENTIAL
    DAMAGES (INCLUDING, BUT NOT LIMITED TO, PROCUREMENT OF SUBSTITUTE GOODS OR
    SERVICES; LOSS OF USE, DATA, OR PROFITS; OR BUSINESS INTERRUPTION) HOWEVER
    CAUSED AND ON ANY THEORY OF LIABILITY, WHETHER IN CONTRACT, STRICT LIABILITY,
    OR TORT (INCLUDING NEGLIGENCE OR OTHERWISE) ARISING IN ANY WAY OUT OF THE USE
    OF THIS SOFTWARE, EVEN IF ADVISED OF THE POSSIBILITY OF SUCH DAMAGE.

-->
<beans xmlns="http://www.springframework.org/schema/beans" xmlns:xsi="http://www.w3.org/2001/XMLSchema-instance"
	   xsi:schemaLocation="http://www.springframework.org/schema/beans http://www.springframework.org/schema/beans/spring-beans-2.5.xsd http://camel.apache.org/schema/spring http://camel.apache.org/schema/spring/camel-spring.xsd">

	<!-- Property file for IncOrgProcessor bean -->
	<bean class="org.springframework.context.support.PropertySourcesPlaceholderConfigurer">
		<property name="location">
			<value>./test-incorg-room-creator.properties</value>
		</property>
	</bean>
	
	<!-- IncOrgProcessor bean configuration -->
	<bean id="incOrgProcessor" class="edu.mit.ll.nics.processor.incorg.IncOrgProcessor" init-method="init">
		<property name="identityHeader" value="${identityHeader}" />
		<property name="identityUser" value="${identityUser}" />
		<property name="identityOrgId" value="${identityOrgId}" />
		<property name="emapi" value="${emapi}" />
		<property name="log4jPropertyFile" value="${log4jPropertyFile}" />
		<property name="roomsConfig" value="${roomsConfig}" />
		<property name="incidentAddedTopic" value="${topic.incidentAdded}" />
		<property name="incidentUpdatedTopic" value="${topic.incidentUpdated}" />
		<property name="incidentOrgAddedTopic" value="${topic.incidentOrgAdded}" />
		<property name="incidentAddedPattern" value="${pattern.incidentAdded}" />
		<property name="incidentUpdatedPattern" value="${pattern.incidentUpdated}" />
		<property name="incidentOrgAddedPattern" value="${pattern.incidentOrgAdded}" />
		<property name="createRoomsRegardlessOfRegistration" value="${createRoomsRegardlessOfRegistration}" />
	</bean>

	<!-- Main camel context -->
	<camelContext id="camel" xmlns="http://camel.apache.org/schema/spring">
		<!-- Placeholder for a properties file	-->
		<propertyPlaceholder id="props" location="classpath:test-incorg-room-creator.properties" />

		<!-- Test route for sending new incident added
		<route id="testTimerRoute1">
			<from uri="timer://simpleTimer?period=30000" />
			<setBody>
				<simple>{"incidentid":1, "usersessionid":25, "incidentname":"Some Name", "workspaceid":1,"incidentIncidenttypes":[{"incidenttypeid":17, "incidentid":1}]}</simple>
			</setBody>
			<to uri="{{endpoint.incidentAdded}}"/>
		</route> -->

		<!-- Test route for sending incident org(s) added
		<route id="testTimerRoute2">
			<from uri="timer://simpleTimer?period=30000" />
				<setBody>
					<simple>{"incidentid":1, "usersessionid":25, "incidentname":"Some Name", "workspaceid":1,"incidentIncidenttypes":[{"incidenttypeid":17, "incidentid":1}]}</simple>
				</setBody>
			<to uri="{{endpoint.incidentOrgAdded}}"/>
		</route> -->

		<!-- Test route for sending incident escalation message
		<route id="testTimerRoute2">
			<from uri="timer://simpleTimer?period=30000" />
				<setBody>
					<simple>{"incidentid":1, "usersessionid":25, "incidentname":"Some Name", "workspaceid":1,"incidentIncidenttypes":[{"incidenttypeid":17, "incidentid":1}]}</simple>
				</setBody>
			<to uri="{{endpoint.incidentOrgAdded}}"/>
		</route> -->

		<!-- Subscribed to global incident created notification, which contains an incident -->
		<route id="incidentCreated">
			<from uri="{{endpoint.incidentAdded}}" />
			<to uri="{{endpoint.processor}}" />
		</route>

		<!-- Subscribed to global incident updated notification, which contains an incident -->
		<route id="incidentUpdated">
			<from uri="{{endpoint.incidentUpdated}}" />
			<to uri="{{endpoint.processor}}" />
		</route>

		<!-- Subscribed to global IncidentOrg added notifications, notification contains an Incident -->
		<route id="orgAdded">
			<from uri="{{endpoint.incidentOrgAdded}}" />
			<to uri="{{endpoint.processor}}" />
		</route>

		<route id="incidentEscalation">
			<from uri="{{endpoint.incidentEscalation}}" />
			<to uri="{{endpoint.processor}}" />
		</route>

		<!-- IncOrgProcessor -->
		<route id="roomProcessingRoute">
			<!-- IncOrg Update Endpoint -->
			<from uri="{{endpoint.processor}}" />

			<process ref="incOrgProcessor" />
			
			<!-- For debugging
			<to uri="stream:out" />-->
			 
		</route>
				
	</camelContext>

</beans>
